c:\_university\_year4\_semester2\f20gp_gamesprogramming\gpgametemplate\gpgame_template_vs2019_x64\gpgame_template_vs2019_x64\x64\debug\vc142.pdb
c:\_university\_year4\_semester2\f20gp_gamesprogramming\gpgametemplate\gpgame_template_vs2019_x64\gpgame_template_vs2019_x64\x64\debug\vc142.idb
c:\_university\_year4\_semester2\f20gp_gamesprogramming\gpgametemplate\gpgame_template_vs2019_x64\gpgame_template_vs2019_x64\x64\debug\texture.obj
c:\_university\_year4\_semester2\f20gp_gamesprogramming\gpgametemplate\gpgame_template_vs2019_x64\gpgame_template_vs2019_x64\x64\debug\shapes.obj
c:\_university\_year4\_semester2\f20gp_gamesprogramming\gpgametemplate\gpgame_template_vs2019_x64\gpgame_template_vs2019_x64\x64\debug\player_character.obj
c:\_university\_year4\_semester2\f20gp_gamesprogramming\gpgametemplate\gpgame_template_vs2019_x64\gpgame_template_vs2019_x64\x64\debug\model.obj
c:\_university\_year4\_semester2\f20gp_gamesprogramming\gpgametemplate\gpgame_template_vs2019_x64\gpgame_template_vs2019_x64\x64\debug\mesh.obj
c:\_university\_year4\_semester2\f20gp_gamesprogramming\gpgametemplate\gpgame_template_vs2019_x64\gpgame_template_vs2019_x64\x64\debug\graphics.obj
c:\_university\_year4\_semester2\f20gp_gamesprogramming\gpgametemplate\gpgame_template_vs2019_x64\gpgame_template_vs2019_x64\x64\debug\gpgame_template_vs2019_x64.obj
c:\_university\_year4\_semester2\f20gp_gamesprogramming\gpgametemplate\gpgame_template_vs2019_x64\gpgame_template_vs2019_x64\x64\debug\gameobject.obj
c:\_university\_year4\_semester2\f20gp_gamesprogramming\gpgametemplate\gpgame_template_vs2019_x64\gpgame_template_vs2019_x64\x64\debug\entity.obj
c:\_university\_year4\_semester2\f20gp_gamesprogramming\gpgametemplate\gpgame_template_vs2019_x64\gpgame_template_vs2019_x64\x64\debug\camera.obj
c:\_university\_year4\_semester2\f20gp_gamesprogramming\gpgametemplate\gpgame_template_vs2019_x64\x64\debug\gpgame_template_vs2019_x64.pdb
c:\_university\_year4\_semester2\f20gp_gamesprogramming\gpgametemplate\gpgame_template_vs2019_x64\gpgame_template_vs2019_x64\x64\debug\gpgame_t.bdc7a43d.tlog\cl.command.1.tlog
c:\_university\_year4\_semester2\f20gp_gamesprogramming\gpgametemplate\gpgame_template_vs2019_x64\gpgame_template_vs2019_x64\x64\debug\gpgame_t.bdc7a43d.tlog\cl.read.1.tlog
c:\_university\_year4\_semester2\f20gp_gamesprogramming\gpgametemplate\gpgame_template_vs2019_x64\gpgame_template_vs2019_x64\x64\debug\gpgame_t.bdc7a43d.tlog\cl.write.1.tlog
c:\_university\_year4\_semester2\f20gp_gamesprogramming\gpgametemplate\gpgame_template_vs2019_x64\gpgame_template_vs2019_x64\x64\debug\gpgame_t.bdc7a43d.tlog\link-cvtres.read.1.tlog
c:\_university\_year4\_semester2\f20gp_gamesprogramming\gpgametemplate\gpgame_template_vs2019_x64\gpgame_template_vs2019_x64\x64\debug\gpgame_t.bdc7a43d.tlog\link-cvtres.write.1.tlog
c:\_university\_year4\_semester2\f20gp_gamesprogramming\gpgametemplate\gpgame_template_vs2019_x64\gpgame_template_vs2019_x64\x64\debug\gpgame_t.bdc7a43d.tlog\link-rc.read.1.tlog
c:\_university\_year4\_semester2\f20gp_gamesprogramming\gpgametemplate\gpgame_template_vs2019_x64\gpgame_template_vs2019_x64\x64\debug\gpgame_t.bdc7a43d.tlog\link-rc.write.1.tlog
c:\_university\_year4\_semester2\f20gp_gamesprogramming\gpgametemplate\gpgame_template_vs2019_x64\gpgame_template_vs2019_x64\x64\debug\gpgame_t.bdc7a43d.tlog\link.command.1.tlog
c:\_university\_year4\_semester2\f20gp_gamesprogramming\gpgametemplate\gpgame_template_vs2019_x64\gpgame_template_vs2019_x64\x64\debug\gpgame_t.bdc7a43d.tlog\link.read.1.tlog
c:\_university\_year4\_semester2\f20gp_gamesprogramming\gpgametemplate\gpgame_template_vs2019_x64\gpgame_template_vs2019_x64\x64\debug\gpgame_t.bdc7a43d.tlog\link.write.1.tlog
